<?xml version="1.0" encoding="UTF-8"?>
<!-- Generated by org.testng.reporters.JUnitReportReporter -->
<testsuite skipped="0" hostname="Rupom-Rups" name="org.rahulshettyacademy.DemoTest" tests="2" failures="0" timestamp="17 Mar 2021 12:55:33 GMT" time="21.452" errors="0">
  <testcase name="flightTest" time="7.783" classname="org.rahulshettyacademy.DemoTest"/>
  <testcase name="flightTest" time="13.669" classname="org.rahulshettyacademy.DemoTest"/>
</testsuite> <!-- org.rahulshettyacademy.DemoTest -->
